<?xml version="1.0" encoding="UTF-8"?>
<!-- Generated by org.testng.reporters.JUnitXMLReporter -->
<testsuite hostname="Sumit-PC" name="testNGTest_Parallel" tests="3" failures="0" timestamp="9 May 2016 17:17:09 GMT" time="5.453" errors="0">
  <testcase name="method3" time="1.079" classname="sumPackage.ParallelTesting"/>
  <testcase name="method1" time="1.079" classname="sumPackage.ParallelTesting"/>
  <testcase name="method2" time="1.079" classname="sumPackage.ParallelTesting"/>
</testsuite> <!-- testNGTest_Parallel -->
